[16:16:29] [main/INFO] (FabricLoader/GameProvider) Loading Minecraft 1.20.1 with Fabric Loader 0.15.7
[16:16:29] [main/INFO] (FabricLoader) Dependencies overridden for forgeconfigapiport
[16:16:29] [main/INFO] (FabricLoader) Loading 92 mods:
	- create 0.5.1-f-build.1335+mc1.20.1
	- dripstone_fluid_lib 3.0.2
	- fabric-api 0.92.0+1.20.1
	- fabric-api-base 0.4.31+1802ada577
	- fabric-api-lookup-api-v1 1.6.36+1802ada577
	- fabric-biome-api-v1 13.0.13+1802ada577
	- fabric-block-api-v1 1.0.11+1802ada577
	- fabric-block-view-api-v2 1.0.1+1802ada577
	- fabric-blockrenderlayer-v1 1.1.41+1802ada577
	- fabric-client-tags-api-v1 1.1.2+1802ada577
	- fabric-command-api-v1 1.2.34+f71b366f77
	- fabric-command-api-v2 2.2.13+1802ada577
	- fabric-commands-v0 0.2.51+df3654b377
	- fabric-containers-v0 0.1.64+df3654b377
	- fabric-content-registries-v0 4.0.11+1802ada577
	- fabric-convention-tags-v1 1.5.5+1802ada577
	- fabric-crash-report-info-v1 0.2.19+1802ada577
	- fabric-data-attachment-api-v1 1.0.0+de0fd6d177
	- fabric-data-generation-api-v1 12.3.4+1802ada577
	- fabric-dimensions-v1 2.1.54+1802ada577
	- fabric-entity-events-v1 1.6.0+1c78457f77
	- fabric-events-interaction-v0 0.6.2+1802ada577
	- fabric-events-lifecycle-v0 0.2.63+df3654b377
	- fabric-game-rule-api-v1 1.0.40+1802ada577
	- fabric-gametest-api-v1 1.2.13+1802ada577
	- fabric-item-api-v1 2.1.28+1802ada577
	- fabric-item-group-api-v1 4.0.12+1802ada577
	- fabric-key-binding-api-v1 1.0.37+1802ada577
	- fabric-keybindings-v0 0.2.35+df3654b377
	- fabric-lifecycle-events-v1 2.2.22+1802ada577
	- fabric-loot-api-v2 1.2.1+1802ada577
	- fabric-loot-tables-v1 1.1.45+9e7660c677
	- fabric-message-api-v1 5.1.9+1802ada577
	- fabric-mining-level-api-v1 2.1.50+1802ada577
	- fabric-model-loading-api-v1 1.0.3+1802ada577
	- fabric-models-v0 0.4.2+9386d8a777
	- fabric-networking-api-v1 1.3.11+1802ada577
	- fabric-networking-v0 0.3.51+df3654b377
	- fabric-object-builder-api-v1 11.1.3+1802ada577
	- fabric-particles-v1 1.1.2+1802ada577
	- fabric-recipe-api-v1 1.0.21+1802ada577
	- fabric-registry-sync-v0 2.3.3+1802ada577
	- fabric-renderer-api-v1 3.2.1+1802ada577
	- fabric-renderer-indigo 1.5.1+1802ada577
	- fabric-renderer-registries-v1 3.2.46+df3654b377
	- fabric-rendering-data-attachment-v1 0.3.37+92a0d36777
	- fabric-rendering-fluids-v1 3.0.28+1802ada577
	- fabric-rendering-v0 1.1.49+df3654b377
	- fabric-rendering-v1 3.0.8+1802ada577
	- fabric-resource-conditions-api-v1 2.3.8+1802ada577
	- fabric-resource-loader-v0 0.11.10+1802ada577
	- fabric-screen-api-v1 2.0.8+1802ada577
	- fabric-screen-handler-api-v1 1.3.30+1802ada577
	- fabric-sound-api-v1 1.0.13+1802ada577
	- fabric-transfer-api-v1 3.3.4+1802ada577
	- fabric-transitive-access-wideners-v1 4.3.1+1802ada577
	- fabricloader 0.15.7
	- flywheel 0.6.10-2
	- forgeconfigapiport 8.0.0
	- java 17
	- jei 15.3.0.4
	- lazydfu 0.1.3
	- linkstorage 0.0.1-1.20.1+1.20.1
	- milk 1.2.60
	- minecraft 1.20.1
	- mixinextras 0.3.5
	- modmenu 7.2.2
	- porting_lib_accessors 2.3.0+1.20.1
	- porting_lib_attributes 2.3.0+1.20.1
	- porting_lib_base 2.3.0+1.20.1
	- porting_lib_brewing 2.3.0+1.20.1
	- porting_lib_client_events 2.3.0+1.20.1
	- porting_lib_common 2.3.0+1.20.1
	- porting_lib_core 2.3.0+1.20.1
	- porting_lib_data 2.1.1090+1.20
	- porting_lib_entity 2.3.0+1.20.1
	- porting_lib_extensions 2.3.0+1.20.1
	- porting_lib_fluids 2.3.0+1.20.1
	- porting_lib_lazy_registration 2.3.0+1.20.1
	- porting_lib_mixin_extensions 2.3.0+1.20.1
	- porting_lib_model_generators 2.1.1090+1.20
	- porting_lib_model_loader 2.3.0+1.20.1
	- porting_lib_model_materials 2.1.1090+1.20
	- porting_lib_models 2.3.0+1.20.1
	- porting_lib_networking 2.3.0+1.20.1
	- porting_lib_obj_loader 2.3.0+1.20.1
	- porting_lib_tags 3.0
	- porting_lib_tool_actions 2.3.0+1.20.1
	- porting_lib_transfer 2.3.0+1.20.1
	- porting_lib_utility 2.3.0+1.20.1
	- reach-entity-attributes 2.4.0
	- registrate-fabric 1.3.62-MC1.20.1
[16:16:30] [main/INFO] (FabricLoader/Mixin) SpongePowered MIXIN Subsystem Version=0.8.5 Source=file:/C:/Users/jack/.gradle/caches/modules-2/files-2.1/net.fabricmc/sponge-mixin/0.12.5+mixin.0.8.5/8d31fb97c3e0cd7c8dad3441851c523bcfae6d8e/sponge-mixin-0.12.5+mixin.0.8.5.jar Service=Knot/Fabric Env=CLIENT
[16:16:30] [main/INFO] (FabricLoader/Mixin) Loaded Fabric development mappings for mixin remapper!
[16:16:30] [main/INFO] (FabricLoader/Mixin) Compatibility level set to JAVA_17
[16:16:31] [main/WARN] (FabricLoader/Mixin) Error loading class: io/vram/frex/base/renderer/context/render/EntityBlockRenderContext (java.lang.ClassNotFoundException: io/vram/frex/base/renderer/context/render/EntityBlockRenderContext)
[16:16:31] [main/WARN] (FabricLoader/Mixin) @Mixin target io.vram.frex.base.renderer.context.render.EntityBlockRenderContext was not found porting_lib_base.mixins.json:client.frex.EntityBlockRenderContextMixin from mod porting_lib_base
[16:16:31] [main/INFO] (FabricLoader/MixinExtras|Service) Initializing MixinExtras via com.llamalad7.mixinextras.service.MixinExtrasServiceImpl(version=0.3.5).
[16:16:34] [main/WARN] (FabricLoader/Mixin) @Inject(@At("INVOKE")) Shift.BY=2 on porting_lib_entity.mixins.json:common.LivingEntityMixin from mod porting_lib_entity::handler$zpa000$porting_lib_entity$port_lib$onFinishUsing exceeds the maximum allowed value: 0. Increase the value of maxShiftBy to suppress this warning.
[16:16:40] [Render thread/INFO] (Minecraft) Environment: authHost='https://authserver.mojang.com', accountsHost='https://api.mojang.com', sessionHost='https://sessionserver.mojang.com', servicesHost='https://api.minecraftservices.com', name='PROD'
[16:16:41] [Render thread/ERROR] (Minecraft) Failed to verify authentication
com.mojang.authlib.exceptions.InvalidCredentialsException: Status: 401
	at com.mojang.authlib.exceptions.MinecraftClientHttpException.toAuthenticationException(MinecraftClientHttpException.java:56) ~[authlib-4.0.43.jar:?]
	at com.mojang.authlib.yggdrasil.YggdrasilUserApiService.fetchProperties(YggdrasilUserApiService.java:156) ~[authlib-4.0.43.jar:?]
	at com.mojang.authlib.yggdrasil.YggdrasilUserApiService.<init>(YggdrasilUserApiService.java:55) ~[authlib-4.0.43.jar:?]
	at com.mojang.authlib.yggdrasil.YggdrasilAuthenticationService.createUserApiService(YggdrasilAuthenticationService.java:124) ~[authlib-4.0.43.jar:?]
	at net.minecraft.client.Minecraft.createUserApiService(Minecraft.java:742) ~[minecraft-merged-40097af4bc-1.20.1-loom.mappings.1_20_1.layered+hash.1413087746-v2.jar:?]
	at net.minecraft.client.Minecraft.<init>(Minecraft.java:537) ~[minecraft-merged-40097af4bc-1.20.1-loom.mappings.1_20_1.layered+hash.1413087746-v2.jar:?]
	at net.minecraft.client.main.Main.main(Main.java:190) ~[minecraft-merged-40097af4bc-1.20.1-loom.mappings.1_20_1.layered+hash.1413087746-v2.jar:?]
	at net.fabricmc.loader.impl.game.minecraft.MinecraftGameProvider.launch(MinecraftGameProvider.java:470) ~[fabric-loader-0.15.7.jar:?]
	at net.fabricmc.loader.impl.launch.knot.Knot.launch(Knot.java:74) ~[fabric-loader-0.15.7.jar:?]
	at net.fabricmc.loader.impl.launch.knot.KnotClient.main(KnotClient.java:23) ~[fabric-loader-0.15.7.jar:?]
	at net.fabricmc.devlaunchinjector.Main.main(Main.java:86) ~[dev-launch-injector-0.2.1+build.8.jar:?]
Caused by: com.mojang.authlib.exceptions.MinecraftClientHttpException: Status: 401
	at com.mojang.authlib.minecraft.client.MinecraftClient.readInputStream(MinecraftClient.java:85) ~[authlib-4.0.43.jar:?]
	at com.mojang.authlib.minecraft.client.MinecraftClient.get(MinecraftClient.java:48) ~[authlib-4.0.43.jar:?]
	at com.mojang.authlib.yggdrasil.YggdrasilUserApiService.fetchProperties(YggdrasilUserApiService.java:129) ~[authlib-4.0.43.jar:?]
	... 9 more
[16:16:41] [Render thread/INFO] (Minecraft) Setting user: Player951
[16:16:42] [Render thread/INFO] (Link Storage) Create addon mod [Link Storage] is loading alongside Create [0.5.1f]!
[16:16:42] [Render thread/INFO] (Link Storage) Link Storage is accessing Porting Lib from the client!
[16:16:45] [Render thread/INFO] (PluginCaller) Sending ConfigManager...
[16:16:46] [Render thread/INFO] (PluginCaller) Sending ConfigManager took 2.350 ms
[16:16:46] [Render thread/INFO] (Backend) No shaders mod detected.
[16:16:46] [Render thread/INFO] (Indigo) [Indigo] Registering Indigo renderer!
[16:16:46] [Worker-Main-1/INFO] (Mod Menu/Update Checker) Checking mod updates...
[16:16:46] [Render thread/INFO] (Minecraft) Backend library: LWJGL version 3.3.1 SNAPSHOT
[16:16:48] [Render thread/INFO] (Minecraft) Reloading ResourceManager: vanilla, fabric (fabric-block-view-api-v2, fabric-object-builder-api-v1, forgeconfigapiport, fabric-transitive-access-wideners-v1, fabric-data-attachment-api-v1, fabric-sound-api-v1, fabric-rendering-fluids-v1, fabric-recipe-api-v1, fabric-networking-v0, jei, fabric-crash-report-info-v1, fabric-events-interaction-v0, fabric-rendering-v0, fabricloader, fabric-loot-tables-v1, fabric-keybindings-v0, porting_lib_data, fabric-gametest-api-v1, fabric-mining-level-api-v1, fabric-command-api-v2, dripstone_fluid_lib, fabric-loot-api-v2, porting_lib_base, fabric-data-generation-api-v1, fabric-entity-events-v1, fabric-renderer-registries-v1, porting_lib_model_generators, fabric-item-api-v1, fabric-rendering-v1, linkstorage, flywheel, fabric-renderer-indigo, porting_lib_attributes, fabric-rendering-data-attachment-v1, fabric-message-api-v1, reach-entity-attributes, fabric-game-rule-api-v1, fabric-renderer-api-v1, porting_lib_model_materials, fabric-models-v0, fabric-command-api-v1, porting_lib_tags, fabric-item-group-api-v1, modmenu, registrate-fabric, fabric-api, fabric-networking-api-v1, fabric-containers-v0, fabric-screen-api-v1, fabric-events-lifecycle-v0, fabric-block-api-v1, fabric-api-lookup-api-v1, fabric-resource-conditions-api-v1, fabric-model-loading-api-v1, fabric-blockrenderlayer-v1, fabric-biome-api-v1, fabric-resource-loader-v0, fabric-transfer-api-v1, milk, lazydfu, fabric-dimensions-v1, fabric-convention-tags-v1, fabric-lifecycle-events-v1, fabric-commands-v0, fabric-key-binding-api-v1, fabric-client-tags-api-v1, fabric-particles-v1, fabric-registry-sync-v0, fabric-content-registries-v0, create, fabric-screen-handler-api-v1, fabric-api-base)
[16:16:48] [Worker-Main-4/INFO] (Minecraft) Found unifont_all_no_pua-15.0.06.hex, loading
[16:16:48] [Render thread/INFO] (Link Storage) Hello from Link Storage
[16:16:49] [Realms Notification Availability checker #1/INFO] (Minecraft) Could not authorize you against Realms server: Invalid session id
[16:16:51] [Render thread/WARN] (Minecraft) Missing sound for event: minecraft:item.goat_horn.play
[16:16:51] [Render thread/WARN] (Minecraft) Missing sound for event: minecraft:entity.goat.screaming.horn_break
[16:16:51] [Render thread/INFO] (Minecraft) OpenAL initialized on device OpenAL Soft on Headphones (2- X5)
[16:16:51] [Render thread/INFO] (Minecraft) Sound engine started
[16:16:51] [Render thread/INFO] (Minecraft) Created: 2048x1024x4 minecraft:textures/atlas/blocks.png-atlas
[16:16:52] [Render thread/INFO] (Minecraft) Created: 256x256x4 minecraft:textures/atlas/signs.png-atlas
[16:16:52] [Render thread/INFO] (Minecraft) Created: 512x512x4 minecraft:textures/atlas/banner_patterns.png-atlas
[16:16:52] [Render thread/INFO] (Minecraft) Created: 512x512x4 minecraft:textures/atlas/shield_patterns.png-atlas
[16:16:52] [Render thread/INFO] (Minecraft) Created: 1024x1024x4 minecraft:textures/atlas/armor_trims.png-atlas
[16:16:52] [Render thread/INFO] (Minecraft) Created: 256x256x4 minecraft:textures/atlas/chest.png-atlas
[16:16:52] [Render thread/INFO] (Minecraft) Created: 128x64x4 minecraft:textures/atlas/decorated_pot.png-atlas
[16:16:52] [Render thread/INFO] (Minecraft) Created: 512x256x4 minecraft:textures/atlas/beds.png-atlas
[16:16:52] [Render thread/INFO] (Minecraft) Created: 512x256x4 minecraft:textures/atlas/shulker_boxes.png-atlas
[16:16:52] [Render thread/WARN] (Minecraft) Shader rendertype_entity_translucent_emissive could not find sampler named Sampler2 in the specified shader program.
[16:16:53] [Render thread/INFO] (Minecraft) Created: 512x256x0 minecraft:textures/atlas/particles.png-atlas
[16:16:53] [Render thread/INFO] (Minecraft) Created: 256x256x0 minecraft:textures/atlas/paintings.png-atlas
[16:16:53] [Render thread/INFO] (Minecraft) Created: 128x128x0 minecraft:textures/atlas/mob_effects.png-atlas
[16:16:53] [Render thread/INFO] (Minecraft) Created: 256x128x0 jei:textures/atlas/gui.png-atlas
[16:16:53] [Render thread/INFO] (Backend) Loaded all shader sources.
[16:19:58] [Render thread/INFO] (Minecraft) Stopping!
[16:19:58] [Render thread/INFO] (ClientLifecycleHandler) Stopping JEI
[16:19:58] [Render thread/INFO] (JeiStarter) Stopping JEI
[16:19:58] [Render thread/INFO] (PluginCaller) Sending Runtime Unavailable...
[16:19:58] [Render thread/INFO] (FabricGuiPlugin) Stopping JEI GUI
[16:19:58] [Render thread/INFO] (PluginCaller) Sending Runtime Unavailable took 325.8 μs
